Using pre-set license
Built from '2020.3/staging' branch; Version is '2020.3.29f1 (2ff179115da0) revision 3142009'; Using compiler version '192528614'; Build Type 'Release'
OS: 'Windows 10  (10.0.19044) 64bit Core' Language: 'tr' Physical Memory: 16322 MB
BatchMode: 1, IsHumanControllingUs: 0, StartBugReporterOnCrash: 0, Is64bit: 1, IsPro: 0

COMMAND LINE ARGUMENTS:
C:\Program Files\Unity\Hub\Editor\2020.3.29f1\Editor\Unity.exe
-adb2
-batchMode
-noUpm
-name
AssetImportWorker0
-projectPath
C:/Users/ibrahim/Desktop/COCKROACH
-logFile
Logs/AssetImportWorker0.log
-srvPort
5009
Successfully changed project path to: C:/Users/ibrahim/Desktop/COCKROACH
C:/Users/ibrahim/Desktop/COCKROACH
Using Asset Import Pipeline V2.
Refreshing native plugins compatible for Editor in 61.64 ms, found 2 plugins.
Preloading 0 native plugins for Editor in 0.00 ms.
Initialize engine version: 2020.3.29f1 (2ff179115da0)
[Subsystems] Discovering subsystems at path C:/Program Files/Unity/Hub/Editor/2020.3.29f1/Editor/Data/Resources/UnitySubsystems
[Subsystems] Discovering subsystems at path C:/Users/ibrahim/Desktop/COCKROACH/Assets
GfxDevice: creating device client; threaded=0
Direct3D:
    Version:  Direct3D 11.0 [level 11.0]
    Renderer: NVIDIA GeForce GTX 745 (ID=0x1382)
    Vendor:   
    VRAM:     4053 MB
    Driver:   30.0.15.1165
Initialize mono
Mono path[0] = 'C:/Program Files/Unity/Hub/Editor/2020.3.29f1/Editor/Data/Managed'
Mono path[1] = 'C:/Program Files/Unity/Hub/Editor/2020.3.29f1/Editor/Data/MonoBleedingEdge/lib/mono/unityjit'
Mono config path = 'C:/Program Files/Unity/Hub/Editor/2020.3.29f1/Editor/Data/MonoBleedingEdge/etc'
Using monoOptions --debugger-agent=transport=dt_socket,embedding=1,server=y,suspend=n,address=127.0.0.1:56220
Begin MonoManager ReloadAssembly
Registering precompiled unity dll's ...
Register platform support module: C:/Program Files/Unity/Hub/Editor/2020.3.29f1/Editor/Data/PlaybackEngines/WebGLSupport/UnityEditor.WebGL.Extensions.dll
Register platform support module: C:/Program Files/Unity/Hub/Editor/2020.3.29f1/Editor/Data/PlaybackEngines/WindowsStandaloneSupport/UnityEditor.WindowsStandalone.Extensions.dll
Registered in 0.002909 seconds.
Native extension for WindowsStandalone target not found
Native extension for WebGL target not found
Refreshing native plugins compatible for Editor in 50.30 ms, found 2 plugins.
Preloading 0 native plugins for Editor in 0.00 ms.
Mono: successfully reloaded assembly
- Completed reload, in  0.711 seconds
Domain Reload Profiling:
	ReloadAssembly (711ms)
		BeginReloadAssembly (78ms)
			ExecutionOrderSort (0ms)
			DisableScriptedObjects (0ms)
			BackupInstance (0ms)
			ReleaseScriptingObjects (0ms)
			CreateAndSetChildDomain (1ms)
		EndReloadAssembly (542ms)
			LoadAssemblies (75ms)
			RebuildTransferFunctionScriptingTraits (0ms)
			SetupTypeCache (180ms)
			ReleaseScriptCaches (0ms)
			RebuildScriptCaches (38ms)
			SetupLoadedEditorAssemblies (200ms)
				LogAssemblyErrors (0ms)
				InitializePlatformSupportModulesInManaged (6ms)
				SetLoadedEditorAssemblies (0ms)
				RefreshPlugins (50ms)
				BeforeProcessingInitializeOnLoad (17ms)
				ProcessInitializeOnLoadAttributes (93ms)
				ProcessInitializeOnLoadMethodAttributes (34ms)
				AfterProcessingInitializeOnLoad (0ms)
				EditorAssembliesLoaded (0ms)
			ExecutionOrderSort2 (0ms)
			AwakeInstancesAfterBackupRestoration (0ms)
Platform modules already initialized, skipping
Registering precompiled user dll's ...
Registered in 0.004418 seconds.
Begin MonoManager ReloadAssembly
Native extension for WindowsStandalone target not found
Native extension for WebGL target not found
Refreshing native plugins compatible for Editor in 0.65 ms, found 2 plugins.
Preloading 0 native plugins for Editor in 0.00 ms.
Mono: successfully reloaded assembly
- Completed reload, in  1.144 seconds
Domain Reload Profiling:
	ReloadAssembly (1145ms)
		BeginReloadAssembly (173ms)
			ExecutionOrderSort (0ms)
			DisableScriptedObjects (5ms)
			BackupInstance (0ms)
			ReleaseScriptingObjects (0ms)
			CreateAndSetChildDomain (20ms)
		EndReloadAssembly (905ms)
			LoadAssemblies (107ms)
			RebuildTransferFunctionScriptingTraits (0ms)
			SetupTypeCache (301ms)
			ReleaseScriptCaches (0ms)
			RebuildScriptCaches (47ms)
			SetupLoadedEditorAssemblies (355ms)
				LogAssemblyErrors (0ms)
				InitializePlatformSupportModulesInManaged (6ms)
				SetLoadedEditorAssemblies (1ms)
				RefreshPlugins (1ms)
				BeforeProcessingInitializeOnLoad (97ms)
				ProcessInitializeOnLoadAttributes (231ms)
				ProcessInitializeOnLoadMethodAttributes (12ms)
				AfterProcessingInitializeOnLoad (8ms)
				EditorAssembliesLoaded (0ms)
			ExecutionOrderSort2 (0ms)
			AwakeInstancesAfterBackupRestoration (7ms)
Platform modules already initialized, skipping
========================================================================
Worker process is ready to serve import requests
Launched and connected shader compiler UnityShaderCompiler.exe after 0.08 seconds
Refreshing native plugins compatible for Editor in 0.69 ms, found 2 plugins.
Preloading 0 native plugins for Editor in 0.00 ms.
Unloading 1507 Unused Serialized files (Serialized files now loaded: 0)
System memory in use before: 71.8 MB.
System memory in use after: 71.9 MB.

Unloading 16 unused Assets to reduce memory usage. Loaded Objects now: 1954.
Total: 2.826800 ms (FindLiveObjects: 0.139400 ms CreateObjectMapping: 0.060500 ms MarkObjects: 2.518600 ms  DeleteObjects: 0.107400 ms)

AssetImportParameters requested are different than current active one (requested -> active):
  custom:framework-win-MediaFoundation: 216162199b28c13a410421893ffa2e32 -> 
  custom:video-decoder-ogg-theora: a1e56fd34408186e4bbccfd4996cb3dc -> 
  custom:container-muxer-webm: aa71ff27fc2769a1b78a27578f13a17b -> 
  custom:container-demuxer-webm: 4f35f7cbe854078d1ac9338744f61a02 -> 
  custom:container-demuxer-ogg: 62fdf1f143b41e24485cea50d1cbac27 -> 
  custom:video-encoder-webm-vp8: eb34c28f22e8b96e1ab97ce403110664 -> 
  custom:video-decoder-webm-vp8: 9c59270c3fd7afecdb556c50c9e8de78 -> 
  custom:audio-decoder-ogg-vorbis: bf7c407c2cedff20999df2af8eb42d56 -> 
  custom:audio-encoder-webm-vorbis: bf7c407c2cedff20999df2af8eb42d56 -> 
========================================================================
Received Import Request.
  path: Assets/Scenes/Sample 2.unity
  artifactKey: Guid(cf9f010867ea5674684a3320915a80d3) Importer(815301076,1909f56bfc062723c751e8b465ee728b)
Start importing Assets/Scenes/Sample 2.unity using Guid(cf9f010867ea5674684a3320915a80d3) Importer(815301076,1909f56bfc062723c751e8b465ee728b)  -> (artifact id: '82b69630b064882f6881c59591cd1c47') in 0.014247 seconds 
  Import took 0.016988 seconds .

========================================================================
Received Import Request.
  Time since last request: 5.657238 seconds.
  path: Assets/Scenes/FinalLevelDesign.unity
  artifactKey: Guid(cf9f010867ea5674684a3320915a80d3) Importer(815301076,1909f56bfc062723c751e8b465ee728b)
Start importing Assets/Scenes/FinalLevelDesign.unity using Guid(cf9f010867ea5674684a3320915a80d3) Importer(815301076,1909f56bfc062723c751e8b465ee728b)  -> (artifact id: 'f46fb0b7ac613947723af072affcd34c') in 0.004287 seconds 
  Import took 0.007070 seconds .

========================================================================
Received Import Request.
  Time since last request: 3.345707 seconds.
  path: Assets/Scenes/Sample 2
  artifactKey: Guid(ed54bc76fec614b49ba48a0b9265e2c2) Importer(815301076,1909f56bfc062723c751e8b465ee728b)
Start importing Assets/Scenes/Sample 2 using Guid(ed54bc76fec614b49ba48a0b9265e2c2) Importer(815301076,1909f56bfc062723c751e8b465ee728b)  -> (artifact id: '1ebde2cb06387034d093d59948025566') in 0.003602 seconds 
  Import took 0.006372 seconds .

========================================================================
Received Import Request.
  Time since last request: 0.038516 seconds.
  path: Assets/Scenes/Sample 2/LightingData.asset
  artifactKey: Guid(c6936999c3c266f4eae11c0833b42d50) Importer(815301076,1909f56bfc062723c751e8b465ee728b)
Start importing Assets/Scenes/Sample 2/LightingData.asset using Guid(c6936999c3c266f4eae11c0833b42d50) Importer(815301076,1909f56bfc062723c751e8b465ee728b)  -> (artifact id: '9e6db95e7f70f2a296759fed95c9bc86') in 0.027768 seconds 
  Import took 0.030101 seconds .

========================================================================
Received Import Request.
  Time since last request: 0.002847 seconds.
  path: Assets/Scenes/Sample 2/Lightmap-0_comp_dir.png
  artifactKey: Guid(452ff7403d2f8104895b46749361a352) Importer(815301076,1909f56bfc062723c751e8b465ee728b)
Start importing Assets/Scenes/Sample 2/Lightmap-0_comp_dir.png using Guid(452ff7403d2f8104895b46749361a352) Importer(815301076,1909f56bfc062723c751e8b465ee728b)  -> (artifact id: '77b6e985b5239dda2a8e5926e2fd2ab7') in 0.050608 seconds 
  Import took 0.053438 seconds .

========================================================================
Received Import Request.
  Time since last request: 0.000320 seconds.
  path: Assets/Scenes/Sample 2/Lightmap-0_comp_light.exr
  artifactKey: Guid(2cd8676de34139e4c920cb2e3da2e6f4) Importer(815301076,1909f56bfc062723c751e8b465ee728b)
Start importing Assets/Scenes/Sample 2/Lightmap-0_comp_light.exr using Guid(2cd8676de34139e4c920cb2e3da2e6f4) Importer(815301076,1909f56bfc062723c751e8b465ee728b)  -> (artifact id: 'b52b8ba4bcf66b885efc05fba93aee3e') in 0.153805 seconds 
  Import took 0.156800 seconds .

AssetImportWorkerClient::OnTransportError - code=2 error=End of file
